Connecting to database specified by database.yml
Connecting to database specified by database.yml
Connecting to database specified by database.yml
  [1m[36m (0.2ms)[0m  [1mselect sqlite_version(*)[0m
  [1m[35m (42.7ms)[0m  CREATE TABLE "schema_migrations" ("version" varchar(255) NOT NULL) 
  [1m[36m (15.1ms)[0m  [1mCREATE UNIQUE INDEX "unique_schema_migrations" ON "schema_migrations" ("version")[0m
  [1m[35m (24.3ms)[0m  SELECT "schema_migrations"."version" FROM "schema_migrations" 
Migrating to AddFieldsToMovies (20150214112942)
  [1m[36m (0.1ms)[0m  [1mbegin transaction[0m
  [1m[35m (0.4ms)[0m  CREATE TABLE "movies" ("id" INTEGER PRIMARY KEY AUTOINCREMENT NOT NULL) 
  [1m[36m (0.3ms)[0m  [1mALTER TABLE "movies" ADD "title" varchar(255)[0m
  [1m[35m (0.3ms)[0m  ALTER TABLE "movies" ADD "release_date" datetime
  [1m[36m (0.3ms)[0m  [1mALTER TABLE "movies" ADD "rating" varchar(255)[0m
  [1m[35m (0.3ms)[0m  ALTER TABLE "movies" ADD "description" text
  [1m[36m (0.4ms)[0m  [1mINSERT INTO "schema_migrations" ("version") VALUES ('20150214112942')[0m
  [1m[35m (18.5ms)[0m  commit transaction
  [1m[36m (0.2ms)[0m  [1mSELECT "schema_migrations"."version" FROM "schema_migrations" [0m


Started GET "/assets/rails.png" for 127.0.0.1 at 2015-02-14 07:34:26 -0400
Connecting to database specified by database.yml
Served asset /rails.png - 200 OK (8ms)
